TN:
SF:components/Login.vue
FN:44,(anonymous_2)
FN:53,(anonymous_3)
FN:60,(anonymous_4)
FNF:3
FNH:0
FNDA:0,(anonymous_2)
FNDA:0,(anonymous_3)
FNDA:0,(anonymous_4)
DA:36,0
DA:37,0
DA:45,0
DA:54,0
DA:55,0
DA:57,0
DA:61,0
DA:62,0
DA:63,0
DA:64,0
DA:66,0
DA:68,0
LF:12
LH:0
BRDA:54,0,0,0
BRDA:54,0,1,0
BRF:2
BRH:0
end_of_record
TN:
SF:components/login/Login.vue
FN:59,(anonymous_2)
FN:68,(anonymous_3)
FNF:2
FNH:0
FNDA:0,(anonymous_2)
FNDA:0,(anonymous_3)
DA:53,0
DA:60,0
DA:69,0
DA:70,0
DA:75,0
LF:5
LH:0
BRF:0
BRH:0
end_of_record
TN:
SF:components/login/Signup.vue
FN:77,(anonymous_2)
FN:88,(anonymous_3)
FNF:2
FNH:0
FNDA:0,(anonymous_2)
FNDA:0,(anonymous_3)
DA:71,0
DA:78,0
DA:89,0
DA:90,0
DA:96,0
LF:5
LH:0
BRF:0
BRH:0
end_of_record
TN:
SF:components/points/Card.vue
FNF:0
FNH:0
DA:13,0
LF:1
LH:0
BRF:0
BRH:0
end_of_record
TN:
SF:components/points/List.vue
FNF:0
FNH:0
DA:12,0
LF:1
LH:0
BRF:0
BRH:0
end_of_record
TN:
SF:components/points/Main.vue
FN:16,(anonymous_2)
FNF:1
FNH:0
FNDA:0,(anonymous_2)
DA:8,0
DA:9,0
DA:17,0
LF:3
LH:0
BRF:0
BRH:0
end_of_record
TN:
SF:components/posts/Card.vue
FN:140,(anonymous_2)
FN:145,(anonymous_3)
FN:149,(anonymous_4)
FN:153,(anonymous_5)
FN:168,(anonymous_6)
FN:183,(anonymous_7)
FN:198,(anonymous_8)
FNF:7
FNH:0
FNDA:0,(anonymous_2)
FNDA:0,(anonymous_3)
FNDA:0,(anonymous_4)
FNDA:0,(anonymous_5)
FNDA:0,(anonymous_6)
FNDA:0,(anonymous_7)
FNDA:0,(anonymous_8)
DA:130,0
DA:141,0
DA:146,0
DA:147,0
DA:150,0
DA:151,0
DA:154,0
DA:155,0
DA:159,0
DA:160,0
DA:165,0
DA:169,0
DA:170,0
DA:174,0
DA:175,0
DA:180,0
DA:184,0
DA:185,0
DA:189,0
DA:190,0
DA:195,0
DA:199,0
DA:200,0
DA:206,0
DA:207,0
DA:212,0
LF:26
LH:0
BRF:0
BRH:0
end_of_record
TN:
SF:components/posts/Create.vue
FN:71,(anonymous_2)
FN:85,(anonymous_3)
FN:90,(anonymous_4)
FN:107,(anonymous_5)
FN:125,(anonymous_6)
FN:136,(anonymous_7)
FN:139,(anonymous_8)
FNF:7
FNH:0
FNDA:0,(anonymous_2)
FNDA:0,(anonymous_3)
FNDA:0,(anonymous_4)
FNDA:0,(anonymous_5)
FNDA:0,(anonymous_6)
FNDA:0,(anonymous_7)
FNDA:0,(anonymous_8)
DA:68,0
DA:72,0
DA:86,0
DA:91,0
DA:92,0
DA:93,0
DA:94,0
DA:97,0
DA:99,0
DA:102,0
DA:108,0
DA:109,0
DA:115,0
DA:116,0
DA:117,0
DA:118,0
DA:119,0
DA:120,0
DA:122,0
DA:126,0
DA:127,0
DA:130,0
DA:131,0
DA:133,0
DA:137,0
DA:140,0
LF:26
LH:0
BRDA:91,0,0,0
BRDA:91,0,1,0
BRF:2
BRH:0
end_of_record
TN:
SF:components/posts/List.vue
FN:25,(anonymous_2)
FN:30,(anonymous_3)
FNF:2
FNH:0
FNDA:0,(anonymous_2)
FNDA:0,(anonymous_3)
DA:13,0
DA:26,0
DA:31,0
LF:3
LH:0
BRF:0
BRH:0
end_of_record
TN:
SF:components/posts/Main.vue
FN:19,(anonymous_2)
FNF:1
FNH:0
FNDA:0,(anonymous_2)
DA:9,0
DA:10,0
DA:11,0
DA:20,0
LF:4
LH:0
BRF:0
BRH:0
end_of_record
TN:
SF:pages/index.vue
FN:90,(anonymous_2)
FN:98,(anonymous_3)
FN:101,(anonymous_4)
FN:104,(anonymous_5)
FN:107,(anonymous_6)
FN:112,(anonymous_7)
FN:127,(anonymous_8)
FN:132,(anonymous_9)
FN:140,(anonymous_10)
FN:148,(anonymous_11)
FN:155,(anonymous_12)
FN:158,(anonymous_13)
FNF:12
FNH:0
FNDA:0,(anonymous_2)
FNDA:0,(anonymous_3)
FNDA:0,(anonymous_4)
FNDA:0,(anonymous_5)
FNDA:0,(anonymous_6)
FNDA:0,(anonymous_7)
FNDA:0,(anonymous_8)
FNDA:0,(anonymous_9)
FNDA:0,(anonymous_10)
FNDA:0,(anonymous_11)
FNDA:0,(anonymous_12)
FNDA:0,(anonymous_13)
DA:77,0
DA:78,0
DA:79,0
DA:80,0
DA:81,0
DA:91,0
DA:99,0
DA:102,0
DA:105,0
DA:108,0
DA:113,0
DA:114,0
DA:115,0
DA:119,0
DA:128,0
DA:129,0
DA:130,0
DA:133,0
DA:134,0
DA:138,0
DA:141,0
DA:142,0
DA:146,0
DA:149,0
DA:153,0
DA:156,0
DA:159,0
DA:160,0
LF:28
LH:0
BRDA:113,0,0,0
BRDA:113,0,1,0
BRF:2
BRH:0
end_of_record
